Using pre-set license
Built from '6000.0/staging' branch; Version is '6000.0.33f1 (433b0a79340b) revision 4406026'; Using compiler version '193933523'; Build Type 'Release'
OS: 'Windows 11  (10.0.26100) 64bit Professional' Language: 'pt' Physical Memory: 16328 MB
BatchMode: 1, IsHumanControllingUs: 0, StartBugReporterOnCrash: 0, Is64bit: 1, IsPro: 1

COMMAND LINE ARGUMENTS:
F:\Unity Hub\6000.0.33f1\Editor\Unity.exe
-adb2
-batchMode
-noUpm
-name
AssetImportWorker0
-projectPath
E:/Projects/Personal projects/FluteLullaby/FluteLullaby
-logFile
Logs/AssetImportWorker0.log
-srvPort
56482
-job-worker-count
5
-background-job-worker-count
8
-gc-helper-count
1
Successfully changed project path to: E:/Projects/Personal projects/FluteLullaby/FluteLullaby
E:/Projects/Personal projects/FluteLullaby/FluteLullaby
[UnityMemory] Configuration Parameters - Can be set up in boot.config
    "memorysetup-bucket-allocator-granularity=16"
    "memorysetup-bucket-allocator-bucket-count=8"
    "memorysetup-bucket-allocator-block-size=33554432"
    "memorysetup-bucket-allocator-block-count=8"
    "memorysetup-main-allocator-block-size=16777216"
    "memorysetup-thread-allocator-block-size=16777216"
    "memorysetup-gfx-main-allocator-block-size=16777216"
    "memorysetup-gfx-thread-allocator-block-size=16777216"
    "memorysetup-cache-allocator-block-size=4194304"
    "memorysetup-typetree-allocator-block-size=2097152"
    "memorysetup-profiler-bucket-allocator-granularity=16"
    "memorysetup-profiler-bucket-allocator-bucket-count=8"
    "memorysetup-profiler-bucket-allocator-block-size=33554432"
    "memorysetup-profiler-bucket-allocator-block-count=8"
    "memorysetup-profiler-allocator-block-size=16777216"
    "memorysetup-profiler-editor-allocator-block-size=1048576"
    "memorysetup-temp-allocator-size-main=16777216"
    "memorysetup-job-temp-allocator-block-size=2097152"
    "memorysetup-job-temp-allocator-block-size-background=1048576"
    "memorysetup-job-temp-allocator-reduction-small-platforms=262144"
    "memorysetup-allocator-temp-initial-block-size-main=262144"
    "memorysetup-allocator-temp-initial-block-size-worker=262144"
    "memorysetup-temp-allocator-size-background-worker=32768"
    "memorysetup-temp-allocator-size-job-worker=262144"
    "memorysetup-temp-allocator-size-preload-manager=33554432"
    "memorysetup-temp-allocator-size-nav-mesh-worker=65536"
    "memorysetup-temp-allocator-size-audio-worker=65536"
    "memorysetup-temp-allocator-size-cloud-worker=32768"
    "memorysetup-temp-allocator-size-gi-baking-worker=262144"
    "memorysetup-temp-allocator-size-gi-baking-worker=262144"
    "memorysetup-temp-allocator-size-gi-baking-worker=262144"
    "memorysetup-temp-allocator-size-gi-baking-worker=262144"
    "memorysetup-temp-allocator-size-gi-baking-worker=262144"
    "memorysetup-temp-allocator-size-gfx=262144"
Player connection [27396]  Target information:

Player connection [27396]  * "[IP] 192.168.1.2 [Port] 0 [Flags] 2 [Guid] 853507392 [EditorId] 853507392 [Version] 1048832 [Id] WindowsEditor(7,Matheus) [Debug] 1 [PackageName] WindowsEditor [ProjectName] Editor" 

Player connection [27396]  * "[IP] 26.1.18.31 [Port] 0 [Flags] 2 [Guid] 853507392 [EditorId] 853507392 [Version] 1048832 [Id] WindowsEditor(7,Matheus) [Debug] 1 [PackageName] WindowsEditor [ProjectName] Editor" 

Player connection [27396] Host joined multi-casting on [225.0.0.222:54997]...
Player connection [27396] Host joined alternative multi-casting on [225.0.0.222:34997]...
JobSystem: Creating JobQueue using job-worker-count value 5
[Physics::Module] Initialized fallback backend.
[Physics::Module] Id: 0xdecafbad
Library Redirect Path: Library/
[Physics::Module] Selected backend.
[Physics::Module] Name: PhysX
[Physics::Module] Id: 0xf2b8ea05
[Physics::Module] SDK Version: 4.1.2
[Physics::Module] Integration Version: 1.0.0
[Physics::Module] Threading Mode: Multi-Threaded
Refreshing native plugins compatible for Editor in 2551.91 ms, found 11 plugins.
Preloading 0 native plugins for Editor in 0.00 ms.
Initialize engine version: 6000.0.33f1 (433b0a79340b)
[Subsystems] Discovering subsystems at path F:/Unity Hub/6000.0.33f1/Editor/Data/Resources/UnitySubsystems
[Subsystems] Discovering subsystems at path E:/Projects/Personal projects/FluteLullaby/FluteLullaby/Assets
GfxDevice: creating device client; kGfxThreadingModeNonThreaded
Direct3D:
    Version:  Direct3D 11.0 [level 11.1]
    Renderer: NVIDIA GeForce RTX 4070 Ti (ID=0x2782)
    Vendor:   NVIDIA
    VRAM:     11996 MB
    Driver:   32.0.15.7680
Shader 'MoreMountains/MMRipple': fallback shader 'Particle/AlphaBlended' not found
Initialize mono
Mono path[0] = 'F:/Unity Hub/6000.0.33f1/Editor/Data/Managed'
Mono path[1] = 'F:/Unity Hub/6000.0.33f1/Editor/Data/MonoBleedingEdge/lib/mono/unityjit-win32'
Mono config path = 'F:/Unity Hub/6000.0.33f1/Editor/Data/MonoBleedingEdge/etc'
Using monoOptions --debugger-agent=transport=dt_socket,embedding=1,server=y,suspend=n,address=127.0.0.1:56864
Begin MonoManager ReloadAssembly
Registering precompiled unity dll's ...
Register platform support module: F:/Unity Hub/6000.0.33f1/Editor/Data/PlaybackEngines/WindowsStandaloneSupport/UnityEditor.WindowsStandalone.Extensions.dll
Register platform support module: F:/Unity Hub/6000.0.33f1/Editor/Data/PlaybackEngines/AndroidPlayer/UnityEditor.Android.Extensions.dll
Registered in 0.075224 seconds.
- Loaded All Assemblies, in  1.623 seconds
Native extension for Android target not found
Android Extension - Scanning For ADB Devices 289 ms
Native extension for WindowsStandalone target not found
Mono: successfully reloaded assembly
- Finished resetting the current domain, in  0.638 seconds
Domain Reload Profiling: 2261ms
	BeginReloadAssembly (1273ms)
		ExecutionOrderSort (0ms)
		DisableScriptedObjects (0ms)
		BackupInstance (0ms)
		ReleaseScriptingObjects (0ms)
		CreateAndSetChildDomain (1ms)
	RebuildCommonClasses (34ms)
	RebuildNativeTypeToScriptingClass (10ms)
	initialDomainReloadingComplete (112ms)
	LoadAllAssembliesAndSetupDomain (193ms)
		LoadAssemblies (1273ms)
		RebuildTransferFunctionScriptingTraits (0ms)
		AnalyzeDomain (189ms)
			TypeCache.Refresh (187ms)
				TypeCache.ScanAssembly (175ms)
			BuildScriptInfoCaches (0ms)
			ResolveRequiredComponents (0ms)
	FinalizeReload (638ms)
		ReleaseScriptCaches (0ms)
		RebuildScriptCaches (0ms)
		SetupLoadedEditorAssemblies (592ms)
			LogAssemblyErrors (0ms)
			InitializePlatformSupportModulesInManaged (363ms)
			SetLoadedEditorAssemblies (4ms)
			BeforeProcessingInitializeOnLoad (46ms)
			ProcessInitializeOnLoadAttributes (125ms)
			ProcessInitializeOnLoadMethodAttributes (54ms)
			AfterProcessingInitializeOnLoad (0ms)
			EditorAssembliesLoaded (0ms)
		ExecutionOrderSort2 (0ms)
		AwakeInstancesAfterBackupRestoration (0ms)
Assembly reference Packages/com.unity.cinemachine/Editor/Samples/ExposeHDRPInternals/HDRP-Editor-ref.asmref has no target assembly definition
========================================================================
Worker process is ready to serve import requests
Import Worker Mode flag is 0x00
Assembly reference Packages/com.unity.cinemachine/Editor/Samples/ExposeHDRPInternals/HDRP-Editor-ref.asmref has no target assembly definition
Assembly reference Packages/com.unity.cinemachine/Editor/Samples/ExposeHDRPInternals/HDRP-Editor-ref.asmref has no target assembly definition
Begin MonoManager ReloadAssembly
Symbol file LoadedFromMemory is not a mono symbol file
- Loaded All Assemblies, in  5.111 seconds
Assembly reference Packages/com.unity.cinemachine/Editor/Samples/ExposeHDRPInternals/HDRP-Editor-ref.asmref has no target assembly definition
'Packages/com.unity.cinemachine/Editor/Obsolete/CinemachineVirtualCameraBaseEditor.cs' contains partial class of Unity.Object, exactly 1 of the partial classes needs to be in a file with the same filename. This is to know the one that can be referenced from ie. GameObjects
'Packages/com.unity.cinemachine/Editor/Editors/CinemachineVirtualCameraBaseEditor.cs' contains partial class of Unity.Object, exactly 1 of the partial classes needs to be in a file with the same filename. This is to know the one that can be referenced from ie. GameObjects
Refreshing native plugins compatible for Editor in 11.09 ms, found 11 plugins.
Native extension for Android target not found
Native extension for WindowsStandalone target not found
Assembly reference Packages/com.unity.cinemachine/Editor/Samples/ExposeHDRPInternals/HDRP-Editor-ref.asmref has no target assembly definition
[MODES] ModeService[none].Initialize
[MODES] ModeService[none].LoadModes
[MODES] Loading mode Default (0) for mode-current-id-Flute Lullaby
Package Manager log level set to [2]
[Package Manager] Failed to launch server process. Reason: Unity was launched with the -noUpm command-line argument
[Package Manager] Unable to send message (not connected to server process).
[Package Manager] Cannot connect to Unity Package Manager local server
[Package Manager] Failed to launch server process. Reason: Unity was launched with the -noUpm command-line argument
[Package Manager] Unable to send message (not connected to server process).
[Package Manager] Cannot connect to Unity Package Manager local server
Refreshing native plugins compatible for Editor in 14.94 ms, found 11 plugins.
Mono: successfully reloaded assembly
[Package Manager] Failed to launch server process. Reason: Unity was launched with the -noUpm command-line argument
[Package Manager] Unable to send message (not connected to server process).
[Package Manager] Cannot connect to Unity Package Manager local server
[Package Manager] Failed to launch server process. Reason: Unity was launched with the -noUpm command-line argument
[Package Manager] Unable to send message (not connected to server process).
[Package Manager] Cannot connect to Unity Package Manager local server
- Finished resetting the current domain, in  4.167 seconds
Domain Reload Profiling: 9276ms
	BeginReloadAssembly (190ms)
		ExecutionOrderSort (0ms)
		DisableScriptedObjects (6ms)
		BackupInstance (0ms)
		ReleaseScriptingObjects (0ms)
		CreateAndSetChildDomain (31ms)
	RebuildCommonClasses (35ms)
	RebuildNativeTypeToScriptingClass (10ms)
	initialDomainReloadingComplete (38ms)
	LoadAllAssembliesAndSetupDomain (4836ms)
		LoadAssemblies (4591ms)
		RebuildTransferFunctionScriptingTraits (0ms)
		AnalyzeDomain (369ms)
			TypeCache.Refresh (252ms)
				TypeCache.ScanAssembly (229ms)
			BuildScriptInfoCaches (98ms)
			ResolveRequiredComponents (15ms)
	FinalizeReload (4167ms)
		ReleaseScriptCaches (0ms)
		RebuildScriptCaches (0ms)
		SetupLoadedEditorAssemblies (1672ms)
			LogAssemblyErrors (0ms)
			InitializePlatformSupportModulesInManaged (11ms)
			SetLoadedEditorAssemblies (8ms)
			BeforeProcessingInitializeOnLoad (272ms)
			ProcessInitializeOnLoadAttributes (1179ms)
			ProcessInitializeOnLoadMethodAttributes (200ms)
			AfterProcessingInitializeOnLoad (2ms)
			EditorAssembliesLoaded (1ms)
		ExecutionOrderSort2 (0ms)
		AwakeInstancesAfterBackupRestoration (5ms)
Shader 'MoreMountains/MMRipple': fallback shader 'Particle/AlphaBlended' not found
Launched and connected shader compiler UnityShaderCompiler.exe after 0.01 seconds
Refreshing native plugins compatible for Editor in 16.34 ms, found 11 plugins.
Preloading 0 native plugins for Editor in 0.00 ms.
Unloading 287 Unused Serialized files (Serialized files now loaded: 0)
Unloading 8923 unused Assets / (6.7 MB). Loaded Objects now: 9711.
Memory consumption went from 207.0 MB to 200.3 MB.
Total: 45.561800 ms (FindLiveObjects: 1.547600 ms CreateObjectMapping: 1.886700 ms MarkObjects: 37.348400 ms  DeleteObjects: 4.777800 ms)

========================================================================
Received Import Request.
  Time since last request: 174490.329312 seconds.
  path: Assets/Resources/Prefabs/Weapons/pfb_FirstPerson_Weapon_Shotgun.prefab
  artifactKey: Guid(a70ceb1b00c4aea4ba81fc2040fbcf0a) Importer(815301076,1909f56bfc062723c751e8b465ee728b)
Start importing Assets/Resources/Prefabs/Weapons/pfb_FirstPerson_Weapon_Shotgun.prefab using Guid(a70ceb1b00c4aea4ba81fc2040fbcf0a) Importer(815301076,1909f56bfc062723c751e8b465ee728b) (PreviewImporter)Refreshing native plugins compatible for Editor in 10.77 ms, found 11 plugins.
Preloading 0 native plugins for Editor in 0.00 ms.
 -> (artifact id: '7d4fec771344e12527c1fb1a02051594') in 6.1938892 seconds
Number of updated asset objects reloaded before import = 0Number of asset objects unloaded after import = 286

========================================================================
Received Import Request.
  Time since last request: 0.000026 seconds.
  path: Assets/Resources/Prefabs/Weapons/pfb_FirstPerson_Weapon_Default.prefab
  artifactKey: Guid(21eb20af287389540a45a8be9e771db6) Importer(815301076,1909f56bfc062723c751e8b465ee728b)
Start importing Assets/Resources/Prefabs/Weapons/pfb_FirstPerson_Weapon_Default.prefab using Guid(21eb20af287389540a45a8be9e771db6) Importer(815301076,1909f56bfc062723c751e8b465ee728b) (PreviewImporter) -> (artifact id: '4cd315fe1677c98aefca1e2ebfa3fc20') in 0.0268991 seconds
Number of updated asset objects reloaded before import = 0Number of asset objects unloaded after import = 39

========================================================================
Received Prepare
'Packages/com.unity.cinemachine/Editor/Obsolete/CinemachineVirtualCameraBaseEditor.cs' contains partial class of Unity.Object, exactly 1 of the partial classes needs to be in a file with the same filename. This is to know the one that can be referenced from ie. GameObjects
'Packages/com.unity.cinemachine/Editor/Editors/CinemachineVirtualCameraBaseEditor.cs' contains partial class of Unity.Object, exactly 1 of the partial classes needs to be in a file with the same filename. This is to know the one that can be referenced from ie. GameObjects
Shader 'MoreMountains/MMRipple': fallback shader 'Particle/AlphaBlended' not found
Refreshing native plugins compatible for Editor in 16.78 ms, found 11 plugins.
Preloading 0 native plugins for Editor in 0.00 ms.
Unloading 26 Unused Serialized files (Serialized files now loaded: 0)
Unloading 8043 unused Assets / (6.8 MB). Loaded Objects now: 9036.
Memory consumption went from 179.7 MB to 172.9 MB.
Total: 47.228300 ms (FindLiveObjects: 1.711100 ms CreateObjectMapping: 1.753700 ms MarkObjects: 38.426800 ms  DeleteObjects: 5.335000 ms)

Prepare: number of updated asset objects reloaded= 16
========================================================================
Received Import Request.
  Time since last request: 21689.595421 seconds.
  path: Assets/Plugins/Feel
  artifactKey: Guid(e5594e1e7ea598d409319855db3fd1f5) Importer(815301076,1909f56bfc062723c751e8b465ee728b)
Start importing Assets/Plugins/Feel using Guid(e5594e1e7ea598d409319855db3fd1f5) Importer(815301076,1909f56bfc062723c751e8b465ee728b) (PreviewImporter) -> (artifact id: '3b13f7adb8b2a7ac268a121e343c042e') in 0.035675 seconds
Number of updated asset objects reloaded before import = 0Number of asset objects unloaded after import = 0

========================================================================
Received Import Request.
  Time since last request: 6.124380 seconds.
  path: Assets/Plugins/Feel/readme.txt
  artifactKey: Guid(a6aa03a6a85f38c43a3bd39d28ee09d1) Importer(815301076,1909f56bfc062723c751e8b465ee728b)
Start importing Assets/Plugins/Feel/readme.txt using Guid(a6aa03a6a85f38c43a3bd39d28ee09d1) Importer(815301076,1909f56bfc062723c751e8b465ee728b) (PreviewImporter) -> (artifact id: '4363f9981203a694cb1263a1b48eb92a') in 0.0032389 seconds
Number of updated asset objects reloaded before import = 0Number of asset objects unloaded after import = 1

========================================================================
Received Import Request.
  Time since last request: 2.922955 seconds.
  path: Assets/Plugins/Feel/NiceVibrations
  artifactKey: Guid(b428769c9365fe1468fdf375c3610cde) Importer(815301076,1909f56bfc062723c751e8b465ee728b)
Start importing Assets/Plugins/Feel/NiceVibrations using Guid(b428769c9365fe1468fdf375c3610cde) Importer(815301076,1909f56bfc062723c751e8b465ee728b) (PreviewImporter) -> (artifact id: '56f73c146c1ca48f310beae423126259') in 0.0005225 seconds
Number of updated asset objects reloaded before import = 0Number of asset objects unloaded after import = 0

========================================================================
Received Import Request.
  Time since last request: 0.932918 seconds.
  path: Assets/Plugins/Feel/NiceVibrations/Scripts
  artifactKey: Guid(b247b015593c8428f8b083abb9a9633f) Importer(815301076,1909f56bfc062723c751e8b465ee728b)
Start importing Assets/Plugins/Feel/NiceVibrations/Scripts using Guid(b247b015593c8428f8b083abb9a9633f) Importer(815301076,1909f56bfc062723c751e8b465ee728b) (PreviewImporter) -> (artifact id: '7b54e86ceb94ba59f02a6f06d5c591c5') in 0.000465 seconds
Number of updated asset objects reloaded before import = 0Number of asset objects unloaded after import = 0

========================================================================
Received Import Request.
  Time since last request: 0.512060 seconds.
  path: Assets/Plugins/Feel/NiceVibrations/Scripts/Editor
  artifactKey: Guid(290aee7a75d474f7985eaad9d87ac572) Importer(815301076,1909f56bfc062723c751e8b465ee728b)
Start importing Assets/Plugins/Feel/NiceVibrations/Scripts/Editor using Guid(290aee7a75d474f7985eaad9d87ac572) Importer(815301076,1909f56bfc062723c751e8b465ee728b) (PreviewImporter) -> (artifact id: 'e3f1987751a1c775b094ce9097675bbd') in 0.0005123 seconds
Number of updated asset objects reloaded before import = 0Number of asset objects unloaded after import = 0

========================================================================
Received Import Request.
  Time since last request: 0.051427 seconds.
  path: Assets/Plugins/Feel/NiceVibrations/Scripts/Editor/Lofelt.NiceVibrations.Editor.asmdef
  artifactKey: Guid(67bc5fafbf62b48858241ce814d3d489) Importer(815301076,1909f56bfc062723c751e8b465ee728b)
Start importing Assets/Plugins/Feel/NiceVibrations/Scripts/Editor/Lofelt.NiceVibrations.Editor.asmdef using Guid(67bc5fafbf62b48858241ce814d3d489) Importer(815301076,1909f56bfc062723c751e8b465ee728b) (PreviewImporter) -> (artifact id: 'c9f028930ce21ac37ca0397e6b6803a5') in 0.0005065 seconds
Number of updated asset objects reloaded before import = 0Number of asset objects unloaded after import = 0

========================================================================
Received Import Request.
  Time since last request: 1.085490 seconds.
  path: Assets/Plugins/Feel/NiceVibrations/Scripts/Editor/HapticSourceInspector.cs
  artifactKey: Guid(90a030b5ab0574cd9880e136f5e0261c) Importer(815301076,1909f56bfc062723c751e8b465ee728b)
Start importing Assets/Plugins/Feel/NiceVibrations/Scripts/Editor/HapticSourceInspector.cs using Guid(90a030b5ab0574cd9880e136f5e0261c) Importer(815301076,1909f56bfc062723c751e8b465ee728b) (PreviewImporter) -> (artifact id: '9aaa5b65853e19cdaefee0bf9777f977') in 0.0005984 seconds
Number of updated asset objects reloaded before import = 0Number of asset objects unloaded after import = 0

========================================================================
Received Prepare
'Packages/com.unity.cinemachine/Editor/Obsolete/CinemachineVirtualCameraBaseEditor.cs' contains partial class of Unity.Object, exactly 1 of the partial classes needs to be in a file with the same filename. This is to know the one that can be referenced from ie. GameObjects
'Packages/com.unity.cinemachine/Editor/Editors/CinemachineVirtualCameraBaseEditor.cs' contains partial class of Unity.Object, exactly 1 of the partial classes needs to be in a file with the same filename. This is to know the one that can be referenced from ie. GameObjects
Refreshing native plugins compatible for Editor in 10.81 ms, found 11 plugins.
Preloading 0 native plugins for Editor in 0.00 ms.
Unloading 26 Unused Serialized files (Serialized files now loaded: 0)
Unloading 8041 unused Assets / (6.2 MB). Loaded Objects now: 9019.
Memory consumption went from 172.8 MB to 166.5 MB.
Total: 35.705200 ms (FindLiveObjects: 0.920400 ms CreateObjectMapping: 1.006700 ms MarkObjects: 30.266800 ms  DeleteObjects: 3.510300 ms)

Prepare: number of updated asset objects reloaded= 0
========================================================================
Received Import Request.
  Time since last request: 113.575052 seconds.
  path: Assets/Plugins/Feel/NiceVibrations/Scripts/Editor/HapticImporter.cs
  artifactKey: Guid(dc84fb4fa9e67485a972c887d976d004) Importer(815301076,1909f56bfc062723c751e8b465ee728b)
Start importing Assets/Plugins/Feel/NiceVibrations/Scripts/Editor/HapticImporter.cs using Guid(dc84fb4fa9e67485a972c887d976d004) Importer(815301076,1909f56bfc062723c751e8b465ee728b) (PreviewImporter) -> (artifact id: '738333a8a6d9764de975e60ec4283f43') in 0.0150115 seconds
Number of updated asset objects reloaded before import = 0Number of asset objects unloaded after import = 0

========================================================================
Received Prepare
'Packages/com.unity.cinemachine/Editor/Obsolete/CinemachineVirtualCameraBaseEditor.cs' contains partial class of Unity.Object, exactly 1 of the partial classes needs to be in a file with the same filename. This is to know the one that can be referenced from ie. GameObjects
'Packages/com.unity.cinemachine/Editor/Editors/CinemachineVirtualCameraBaseEditor.cs' contains partial class of Unity.Object, exactly 1 of the partial classes needs to be in a file with the same filename. This is to know the one that can be referenced from ie. GameObjects
Refreshing native plugins compatible for Editor in 15.98 ms, found 11 plugins.
Preloading 0 native plugins for Editor in 0.00 ms.
Unloading 26 Unused Serialized files (Serialized files now loaded: 0)
Unloading 8040 unused Assets / (6.6 MB). Loaded Objects now: 9018.
Memory consumption went from 172.8 MB to 166.1 MB.
Total: 44.847200 ms (FindLiveObjects: 1.566200 ms CreateObjectMapping: 0.858700 ms MarkObjects: 37.788600 ms  DeleteObjects: 4.632400 ms)

Prepare: number of updated asset objects reloaded= 0
========================================================================
Received Import Request.
  Time since last request: 26.392269 seconds.
  path: Assets/Plugins/Feel/NiceVibrations/Scripts/Components
  artifactKey: Guid(688d27f50942c40c39cb42dc1e5eab7a) Importer(815301076,1909f56bfc062723c751e8b465ee728b)
Start importing Assets/Plugins/Feel/NiceVibrations/Scripts/Components using Guid(688d27f50942c40c39cb42dc1e5eab7a) Importer(815301076,1909f56bfc062723c751e8b465ee728b) (PreviewImporter) -> (artifact id: '7ade3ae528a79e2bdb7d57cba157c897') in 0.006871 seconds
Number of updated asset objects reloaded before import = 0Number of asset objects unloaded after import = 0

========================================================================
Received Import Request.
  Time since last request: 1.490539 seconds.
  path: Assets/Plugins/Feel/NiceVibrations/Scripts/Components/LofeltHaptics.cs
  artifactKey: Guid(921537c8cf6464a24bd55f54ec8ea0d0) Importer(815301076,1909f56bfc062723c751e8b465ee728b)
Start importing Assets/Plugins/Feel/NiceVibrations/Scripts/Components/LofeltHaptics.cs using Guid(921537c8cf6464a24bd55f54ec8ea0d0) Importer(815301076,1909f56bfc062723c751e8b465ee728b) (PreviewImporter) -> (artifact id: '5b63edeb1d25ea100f560e0bb336136a') in 0.0005592 seconds
Number of updated asset objects reloaded before import = 0Number of asset objects unloaded after import = 0

========================================================================
Received Prepare
'Packages/com.unity.cinemachine/Editor/Obsolete/CinemachineVirtualCameraBaseEditor.cs' contains partial class of Unity.Object, exactly 1 of the partial classes needs to be in a file with the same filename. This is to know the one that can be referenced from ie. GameObjects
'Packages/com.unity.cinemachine/Editor/Editors/CinemachineVirtualCameraBaseEditor.cs' contains partial class of Unity.Object, exactly 1 of the partial classes needs to be in a file with the same filename. This is to know the one that can be referenced from ie. GameObjects
Refreshing native plugins compatible for Editor in 16.67 ms, found 11 plugins.
Preloading 0 native plugins for Editor in 0.00 ms.
Unloading 26 Unused Serialized files (Serialized files now loaded: 0)
Unloading 8030 unused Assets / (6.6 MB). Loaded Objects now: 9008.
Memory consumption went from 172.8 MB to 166.2 MB.
Total: 46.034900 ms (FindLiveObjects: 1.515400 ms CreateObjectMapping: 1.766200 ms MarkObjects: 37.540000 ms  DeleteObjects: 5.212100 ms)

Prepare: number of updated asset objects reloaded= 0
========================================================================
Received Import Request.
  Time since last request: 18.740823 seconds.
  path: Assets/Plugins/Feel/NiceVibrations/Plugins
  artifactKey: Guid(22735b5f059e34d67849099928629fd0) Importer(815301076,1909f56bfc062723c751e8b465ee728b)
Start importing Assets/Plugins/Feel/NiceVibrations/Plugins using Guid(22735b5f059e34d67849099928629fd0) Importer(815301076,1909f56bfc062723c751e8b465ee728b) (PreviewImporter) -> (artifact id: '52f3374506f114d38785e1a6500cf190') in 0.0068505 seconds
Number of updated asset objects reloaded before import = 0Number of asset objects unloaded after import = 0

========================================================================
Received Import Request.
  Time since last request: 5.365554 seconds.
  path: Assets/Plugins/Feel/NiceVibrations/Plugins/Windows
  artifactKey: Guid(04babe37531df1741bce773dd20ddca0) Importer(815301076,1909f56bfc062723c751e8b465ee728b)
Start importing Assets/Plugins/Feel/NiceVibrations/Plugins/Windows using Guid(04babe37531df1741bce773dd20ddca0) Importer(815301076,1909f56bfc062723c751e8b465ee728b) (PreviewImporter) -> (artifact id: '00a9cf6ec54c55eed37d23d3fa27fd60') in 0.0005142 seconds
Number of updated asset objects reloaded before import = 0Number of asset objects unloaded after import = 0

========================================================================
Received Import Request.
  Time since last request: 0.671015 seconds.
  path: Assets/Plugins/Feel/NiceVibrations/Plugins/Windows/x64
  artifactKey: Guid(d1cfa7fc0db963a4897d26b3d50d11ec) Importer(815301076,1909f56bfc062723c751e8b465ee728b)
Start importing Assets/Plugins/Feel/NiceVibrations/Plugins/Windows/x64 using Guid(d1cfa7fc0db963a4897d26b3d50d11ec) Importer(815301076,1909f56bfc062723c751e8b465ee728b) (PreviewImporter) -> (artifact id: '9f9cc0ef3679d7d8be676b4a8a2e306c') in 0.0004756 seconds
Number of updated asset objects reloaded before import = 0Number of asset objects unloaded after import = 0

========================================================================
Received Import Request.
  Time since last request: 0.565718 seconds.
  path: Assets/Plugins/Feel/NiceVibrations/Plugins/Windows/x64/nice_vibrations_editor_plugin.dll
  artifactKey: Guid(b177fc310544d6a4c94b26e23d9b31d1) Importer(815301076,1909f56bfc062723c751e8b465ee728b)
Start importing Assets/Plugins/Feel/NiceVibrations/Plugins/Windows/x64/nice_vibrations_editor_plugin.dll using Guid(b177fc310544d6a4c94b26e23d9b31d1) Importer(815301076,1909f56bfc062723c751e8b465ee728b) (PreviewImporter) -> (artifact id: '94022d647a1347e9d4e1d280ca777ded') in 0.0005461 seconds
Number of updated asset objects reloaded before import = 0Number of asset objects unloaded after import = 0

========================================================================
Received Prepare
'Packages/com.unity.cinemachine/Editor/Obsolete/CinemachineVirtualCameraBaseEditor.cs' contains partial class of Unity.Object, exactly 1 of the partial classes needs to be in a file with the same filename. This is to know the one that can be referenced from ie. GameObjects
'Packages/com.unity.cinemachine/Editor/Editors/CinemachineVirtualCameraBaseEditor.cs' contains partial class of Unity.Object, exactly 1 of the partial classes needs to be in a file with the same filename. This is to know the one that can be referenced from ie. GameObjects
Refreshing native plugins compatible for Editor in 16.70 ms, found 11 plugins.
Preloading 0 native plugins for Editor in 0.00 ms.
Unloading 26 Unused Serialized files (Serialized files now loaded: 0)
Unloading 8030 unused Assets / (6.9 MB). Loaded Objects now: 9008.
Memory consumption went from 172.8 MB to 165.9 MB.
Total: 49.803000 ms (FindLiveObjects: 1.531100 ms CreateObjectMapping: 2.015600 ms MarkObjects: 41.451300 ms  DeleteObjects: 4.803600 ms)

Prepare: number of updated asset objects reloaded= 0
========================================================================
Received Import Request.
  Time since last request: 6.110181 seconds.
  path: Assets/Plugins/Feel/NiceVibrations/Plugins/Windows/x64/nice_vibrations_editor_plugin.dll
  artifactKey: Guid(b177fc310544d6a4c94b26e23d9b31d1) Importer(815301076,1909f56bfc062723c751e8b465ee728b)
Start importing Assets/Plugins/Feel/NiceVibrations/Plugins/Windows/x64/nice_vibrations_editor_plugin.dll using Guid(b177fc310544d6a4c94b26e23d9b31d1) Importer(815301076,1909f56bfc062723c751e8b465ee728b) (PreviewImporter) -> (artifact id: '76fb270577f9d8905180288117472d55') in 0.0115699 seconds
Number of updated asset objects reloaded before import = 0Number of asset objects unloaded after import = 0

========================================================================
Received Prepare
'Packages/com.unity.cinemachine/Editor/Obsolete/CinemachineVirtualCameraBaseEditor.cs' contains partial class of Unity.Object, exactly 1 of the partial classes needs to be in a file with the same filename. This is to know the one that can be referenced from ie. GameObjects
'Packages/com.unity.cinemachine/Editor/Editors/CinemachineVirtualCameraBaseEditor.cs' contains partial class of Unity.Object, exactly 1 of the partial classes needs to be in a file with the same filename. This is to know the one that can be referenced from ie. GameObjects
Refreshing native plugins compatible for Editor in 16.45 ms, found 10 plugins.
Preloading 0 native plugins for Editor in 0.00 ms.
Unloading 26 Unused Serialized files (Serialized files now loaded: 0)
Unloading 8030 unused Assets / (6.8 MB). Loaded Objects now: 9008.
Memory consumption went from 172.8 MB to 166.0 MB.
Total: 49.487600 ms (FindLiveObjects: 1.607900 ms CreateObjectMapping: 1.801900 ms MarkObjects: 40.691200 ms  DeleteObjects: 5.385300 ms)

Prepare: number of updated asset objects reloaded= 0
========================================================================
Received Import Request.
  Time since last request: 12.608245 seconds.
  path: Assets/Plugins/Feel/NiceVibrations/Plugins/Windows/x64/nice_vibrations_editor_plugin.dll
  artifactKey: Guid(b177fc310544d6a4c94b26e23d9b31d1) Importer(815301076,1909f56bfc062723c751e8b465ee728b)
Start importing Assets/Plugins/Feel/NiceVibrations/Plugins/Windows/x64/nice_vibrations_editor_plugin.dll using Guid(b177fc310544d6a4c94b26e23d9b31d1) Importer(815301076,1909f56bfc062723c751e8b465ee728b) (PreviewImporter) -> (artifact id: 'e2667e8713797863dd87784cb01df5fe') in 0.0111029 seconds
Number of updated asset objects reloaded before import = 0Number of asset objects unloaded after import = 0

========================================================================
Received Prepare
'Packages/com.unity.cinemachine/Editor/Obsolete/CinemachineVirtualCameraBaseEditor.cs' contains partial class of Unity.Object, exactly 1 of the partial classes needs to be in a file with the same filename. This is to know the one that can be referenced from ie. GameObjects
'Packages/com.unity.cinemachine/Editor/Editors/CinemachineVirtualCameraBaseEditor.cs' contains partial class of Unity.Object, exactly 1 of the partial classes needs to be in a file with the same filename. This is to know the one that can be referenced from ie. GameObjects
Refreshing native plugins compatible for Editor in 15.79 ms, found 10 plugins.
Preloading 0 native plugins for Editor in 0.00 ms.
Unloading 26 Unused Serialized files (Serialized files now loaded: 0)
Unloading 8030 unused Assets / (6.4 MB). Loaded Objects now: 9008.
Memory consumption went from 172.8 MB to 166.4 MB.
Total: 40.120900 ms (FindLiveObjects: 1.467000 ms CreateObjectMapping: 1.636800 ms MarkObjects: 33.075700 ms  DeleteObjects: 3.940000 ms)

Prepare: number of updated asset objects reloaded= 0
========================================================================
Received Prepare
Assembly reference Packages/com.unity.cinemachine/Editor/Samples/ExposeHDRPInternals/HDRP-Editor-ref.asmref has no target assembly definition
Assembly reference Packages/com.unity.cinemachine/Editor/Samples/ExposeHDRPInternals/HDRP-Editor-ref.asmref has no target assembly definition
Begin MonoManager ReloadAssembly
Symbol file LoadedFromMemory is not a mono symbol file
- Loaded All Assemblies, in  7.828 seconds
Assembly reference Packages/com.unity.cinemachine/Editor/Samples/ExposeHDRPInternals/HDRP-Editor-ref.asmref has no target assembly definition
'Packages/com.unity.cinemachine/Editor/Obsolete/CinemachineVirtualCameraBaseEditor.cs' contains partial class of Unity.Object, exactly 1 of the partial classes needs to be in a file with the same filename. This is to know the one that can be referenced from ie. GameObjects
'Packages/com.unity.cinemachine/Editor/Editors/CinemachineVirtualCameraBaseEditor.cs' contains partial class of Unity.Object, exactly 1 of the partial classes needs to be in a file with the same filename. This is to know the one that can be referenced from ie. GameObjects
Refreshing native plugins compatible for Editor in 9.60 ms, found 10 plugins.
Native extension for Android target not found
Native extension for WindowsStandalone target not found
Assembly reference Packages/com.unity.cinemachine/Editor/Samples/ExposeHDRPInternals/HDRP-Editor-ref.asmref has no target assembly definition
[MODES] ModeService[none].Initialize
[MODES] ModeService[none].LoadModes
[Package Manager] Failed to launch server process. Reason: Unity was launched with the -noUpm command-line argument
[Package Manager] Unable to send message (not connected to server process).
[Package Manager] Cannot connect to Unity Package Manager local server
[Package Manager] Failed to launch server process. Reason: Unity was launched with the -noUpm command-line argument
[Package Manager] Unable to send message (not connected to server process).
[Package Manager] Cannot connect to Unity Package Manager local server
Mono: successfully reloaded assembly
[Package Manager] Failed to launch server process. Reason: Unity was launched with the -noUpm command-line argument
[Package Manager] Unable to send message (not connected to server process).
[Package Manager] Cannot connect to Unity Package Manager local server
- Finished resetting the current domain, in  2.858 seconds
Domain Reload Profiling: 10689ms
	BeginReloadAssembly (2502ms)
		ExecutionOrderSort (0ms)
		DisableScriptedObjects (410ms)
		BackupInstance (0ms)
		ReleaseScriptingObjects (6ms)
		CreateAndSetChildDomain (1265ms)
	RebuildCommonClasses (133ms)
	RebuildNativeTypeToScriptingClass (11ms)
	initialDomainReloadingComplete (42ms)
	LoadAllAssembliesAndSetupDomain (5142ms)
		LoadAssemblies (4639ms)
		RebuildTransferFunctionScriptingTraits (0ms)
		AnalyzeDomain (931ms)
			TypeCache.Refresh (109ms)
				TypeCache.ScanAssembly (2ms)
			BuildScriptInfoCaches (765ms)
			ResolveRequiredComponents (16ms)
	FinalizeReload (2858ms)
		ReleaseScriptCaches (0ms)
		RebuildScriptCaches (0ms)
		SetupLoadedEditorAssemblies (1588ms)
			LogAssemblyErrors (0ms)
			InitializePlatformSupportModulesInManaged (12ms)
			SetLoadedEditorAssemblies (7ms)
			BeforeProcessingInitializeOnLoad (240ms)
			ProcessInitializeOnLoadAttributes (1197ms)
			ProcessInitializeOnLoadMethodAttributes (128ms)
			AfterProcessingInitializeOnLoad (2ms)
			EditorAssembliesLoaded (1ms)
		ExecutionOrderSort2 (0ms)
		AwakeInstancesAfterBackupRestoration (27ms)
Refreshing native plugins compatible for Editor in 15.16 ms, found 10 plugins.
Preloading 0 native plugins for Editor in 0.00 ms.
Unloading 36 Unused Serialized files (Serialized files now loaded: 0)
Unloading 8079 unused Assets / (6.6 MB). Loaded Objects now: 8910.
Memory consumption went from 183.7 MB to 177.2 MB.
Total: 41.268000 ms (FindLiveObjects: 1.546100 ms CreateObjectMapping: 1.898900 ms MarkObjects: 33.150600 ms  DeleteObjects: 4.671600 ms)

Prepare: number of updated asset objects reloaded= 0
